<testsuites id="" name="" tests="90" failures="3" skipped="0" errors="0" time="73.96929800000001">
<testsuite name="cart.spec.js" timestamp="2025-09-11T14:13:10.203Z" hostname="chromium-desktop" tests="5" failures="0" skipped="0" time="60.582" errors="0">
<testcase name="Fonctionnalités du panier › doit ajouter un produit au panier" classname="cart.spec.js" time="8.227">
</testcase>
<testcase name="Fonctionnalités du panier › doit afficher la page panier" classname="cart.spec.js" time="11.354">
</testcase>
<testcase name="Fonctionnalités du panier › doit gérer les quantités" classname="cart.spec.js" time="12.884">
</testcase>
<testcase name="Fonctionnalités du panier › doit calculer le total correctement" classname="cart.spec.js" time="12.847">
</testcase>
<testcase name="Fonctionnalités du panier › doit permettre de supprimer un article" classname="cart.spec.js" time="15.27">
</testcase>
</testsuite>
<testsuite name="homepage.spec.js" timestamp="2025-09-11T14:13:10.203Z" hostname="chromium-desktop" tests="5" failures="1" skipped="0" time="42.406" errors="0">
<testcase name="Page d&apos;accueil TechViral › doit afficher le titre et la navigation" classname="homepage.spec.js" time="7.444">
</testcase>
<testcase name="Page d&apos;accueil TechViral › doit afficher les produits vedettes" classname="homepage.spec.js" time="6.57">
</testcase>
<testcase name="Page d&apos;accueil TechViral › doit permettre la recherche" classname="homepage.spec.js" time="12.299">
<failure message="homepage.spec.js:41:3 doit permettre la recherche" type="FAILURE">
<![CDATA[  [chromium-desktop] › homepage.spec.js:41:3 › Page d'accueil TechViral › doit permettre la recherche 

    Error: expect(received).toBeTruthy()

    Received: false

      73 |         // Recherche fonctionne (pas d'erreur - résultats optionnels)
      74 |         const noError = await page.locator('body').isVisible();
    > 75 |         expect(noError).toBeTruthy();
         |                         ^
      76 |       } else {
      77 |         // Si champ pas visible, test passé (recherche peut être désactivée)
      78 |         expect(true).toBeTruthy();
        at C:\Monsite\tests\homepage.spec.js:75:25

    attachment #1: screenshot (image/png) ──────────────────────────────────────────────────────────
    ..\test-results\homepage-Page-d-accueil-Te-07696-doit-permettre-la-recherche-chromium-desktop\test-failed-1.png
    ────────────────────────────────────────────────────────────────────────────────────────────────

    attachment #2: video (video/webm) ──────────────────────────────────────────────────────────────
    ..\test-results\homepage-Page-d-accueil-Te-07696-doit-permettre-la-recherche-chromium-desktop\video.webm
    ────────────────────────────────────────────────────────────────────────────────────────────────

    Error Context: ..\test-results\homepage-Page-d-accueil-Te-07696-doit-permettre-la-recherche-chromium-desktop\error-context.md
]]>
</failure>
<system-out>
<![CDATA[
[[ATTACHMENT|..\..\..\test-results\homepage-Page-d-accueil-Te-07696-doit-permettre-la-recherche-chromium-desktop\test-failed-1.png]]

[[ATTACHMENT|..\..\..\test-results\homepage-Page-d-accueil-Te-07696-doit-permettre-la-recherche-chromium-desktop\video.webm]]

[[ATTACHMENT|..\..\..\test-results\homepage-Page-d-accueil-Te-07696-doit-permettre-la-recherche-chromium-desktop\error-context.md]]
]]>
</system-out>
</testcase>
<testcase name="Page d&apos;accueil TechViral › doit gérer le thème sombre" classname="homepage.spec.js" time="8.102">
</testcase>
<testcase name="Page d&apos;accueil TechViral › doit être responsive" classname="homepage.spec.js" time="7.991">
</testcase>
</testsuite>
<testsuite name="performance.spec.js" timestamp="2025-09-11T14:13:10.203Z" hostname="chromium-desktop" tests="5" failures="0" skipped="0" time="24.4" errors="0">
<testcase name="Tests de performance › doit charger rapidement la page d&apos;accueil" classname="performance.spec.js" time="7.018">
<system-out>
<![CDATA[Temps de chargement: 5778ms
]]>
</system-out>
</testcase>
<testcase name="Tests de performance › doit charger les images avec lazy loading" classname="performance.spec.js" time="5.289">
</testcase>
<testcase name="Tests de performance › doit utiliser le service worker pour le cache" classname="performance.spec.js" time="3.576">
<system-out>
<![CDATA[Service Worker détecté et enregistré
]]>
</system-out>
</testcase>
<testcase name="Tests de performance › doit avoir de bonnes métriques Web Vitals" classname="performance.spec.js" time="3.858">
<system-out>
<![CDATA[Web Vitals: { fcp: [33m1304[39m, lcp: [33m2155.0999999940395[39m, cls: [33m0.05[39m }
]]>
</system-out>
</testcase>
<testcase name="Tests de performance › doit comprimer les ressources statiques" classname="performance.spec.js" time="4.659">
<system-out>
<![CDATA[1 ressources compressées détectées
Compression détectée: gzip
]]>
</system-out>
</testcase>
</testsuite>
<testsuite name="cart.spec.js" timestamp="2025-09-11T14:13:10.203Z" hostname="firefox-desktop" tests="5" failures="2" skipped="0" time="70.275" errors="0">
<testcase name="Fonctionnalités du panier › doit ajouter un produit au panier" classname="cart.spec.js" time="13.637">
</testcase>
<testcase name="Fonctionnalités du panier › doit afficher la page panier" classname="cart.spec.js" time="6.759">
</testcase>
<testcase name="Fonctionnalités du panier › doit gérer les quantités" classname="cart.spec.js" time="19.29">
<failure message="cart.spec.js:75:3 doit gérer les quantités" type="FAILURE">
<![CDATA[  [firefox-desktop] › cart.spec.js:75:3 › Fonctionnalités du panier › doit gérer les quantités ─────

    TimeoutError: page.waitForLoadState: Timeout 5000ms exceeded.

      89 |     // Aller au panier
      90 |     await page.goto('/pages/cart/cart.html');
    > 91 |     await page.waitForLoadState('networkidle', { timeout: 5000 });
         |                ^
      92 |     
      93 |     // Chercher les contrôles de quantité (avec timeout réduit)
      94 |     const quantityInput = page.locator('input[type="number"]');
        at C:\Monsite\tests\cart.spec.js:91:16

    attachment #1: screenshot (image/png) ──────────────────────────────────────────────────────────
    ..\test-results\cart-Fonctionnalités-du-panier-doit-gérer-les-quantités-firefox-desktop\test-failed-1.png
    ────────────────────────────────────────────────────────────────────────────────────────────────

    attachment #2: video (video/webm) ──────────────────────────────────────────────────────────────
    ..\test-results\cart-Fonctionnalités-du-panier-doit-gérer-les-quantités-firefox-desktop\video.webm
    ────────────────────────────────────────────────────────────────────────────────────────────────

    Error Context: ..\test-results\cart-Fonctionnalités-du-panier-doit-gérer-les-quantités-firefox-desktop\error-context.md
]]>
</failure>
<system-out>
<![CDATA[
[[ATTACHMENT|..\..\..\test-results\cart-Fonctionnalités-du-panier-doit-gérer-les-quantités-firefox-desktop\test-failed-1.png]]

[[ATTACHMENT|..\..\..\test-results\cart-Fonctionnalités-du-panier-doit-gérer-les-quantités-firefox-desktop\video.webm]]

[[ATTACHMENT|..\..\..\test-results\cart-Fonctionnalités-du-panier-doit-gérer-les-quantités-firefox-desktop\error-context.md]]
]]>
</system-out>
</testcase>
<testcase name="Fonctionnalités du panier › doit calculer le total correctement" classname="cart.spec.js" time="14.138">
<failure message="cart.spec.js:114:3 doit calculer le total correctement" type="FAILURE">
<![CDATA[  [firefox-desktop] › cart.spec.js:114:3 › Fonctionnalités du panier › doit calculer le total correctement 

    TimeoutError: page.waitForLoadState: Timeout 5000ms exceeded.

      138 |     // Aller au panier
      139 |     await page.goto('/pages/cart/cart.html');
    > 140 |     await page.waitForLoadState('networkidle', { timeout: 5000 }); // Plus de temps pour le JS
          |                ^
      141 |     
      142 |     // Vérifier que le total est affiché (ou accepter panier vide)
      143 |     const totalElement = page.locator('#total');
        at C:\Monsite\tests\cart.spec.js:140:16

    attachment #1: screenshot (image/png) ──────────────────────────────────────────────────────────
    ..\test-results\cart-Fonctionnalités-du-pa-fdb66-culer-le-total-correctement-firefox-desktop\test-failed-1.png
    ────────────────────────────────────────────────────────────────────────────────────────────────

    attachment #2: video (video/webm) ──────────────────────────────────────────────────────────────
    ..\test-results\cart-Fonctionnalités-du-pa-fdb66-culer-le-total-correctement-firefox-desktop\video.webm
    ────────────────────────────────────────────────────────────────────────────────────────────────

    Error Context: ..\test-results\cart-Fonctionnalités-du-pa-fdb66-culer-le-total-correctement-firefox-desktop\error-context.md
]]>
</failure>
<system-out>
<![CDATA[
[[ATTACHMENT|..\..\..\test-results\cart-Fonctionnalités-du-pa-fdb66-culer-le-total-correctement-firefox-desktop\test-failed-1.png]]

[[ATTACHMENT|..\..\..\test-results\cart-Fonctionnalités-du-pa-fdb66-culer-le-total-correctement-firefox-desktop\video.webm]]

[[ATTACHMENT|..\..\..\test-results\cart-Fonctionnalités-du-pa-fdb66-culer-le-total-correctement-firefox-desktop\error-context.md]]
]]>
</system-out>
</testcase>
<testcase name="Fonctionnalités du panier › doit permettre de supprimer un article" classname="cart.spec.js" time="16.451">
</testcase>
</testsuite>
<testsuite name="homepage.spec.js" timestamp="2025-09-11T14:13:10.203Z" hostname="firefox-desktop" tests="5" failures="0" skipped="0" time="45.546" errors="0">
<testcase name="Page d&apos;accueil TechViral › doit afficher le titre et la navigation" classname="homepage.spec.js" time="10.929">
</testcase>
<testcase name="Page d&apos;accueil TechViral › doit afficher les produits vedettes" classname="homepage.spec.js" time="5.153">
</testcase>
<testcase name="Page d&apos;accueil TechViral › doit permettre la recherche" classname="homepage.spec.js" time="11.818">
</testcase>
<testcase name="Page d&apos;accueil TechViral › doit gérer le thème sombre" classname="homepage.spec.js" time="6.58">
</testcase>
<testcase name="Page d&apos;accueil TechViral › doit être responsive" classname="homepage.spec.js" time="11.066">
</testcase>
</testsuite>
<testsuite name="performance.spec.js" timestamp="2025-09-11T14:13:10.203Z" hostname="firefox-desktop" tests="5" failures="0" skipped="0" time="33.438" errors="0">
<testcase name="Tests de performance › doit charger rapidement la page d&apos;accueil" classname="performance.spec.js" time="5.717">
<system-out>
<![CDATA[Temps de chargement: 3781ms
]]>
</system-out>
</testcase>
<testcase name="Tests de performance › doit charger les images avec lazy loading" classname="performance.spec.js" time="6.766">
</testcase>
<testcase name="Tests de performance › doit utiliser le service worker pour le cache" classname="performance.spec.js" time="6.813">
<system-out>
<![CDATA[Service Worker détecté et enregistré
]]>
</system-out>
</testcase>
<testcase name="Tests de performance › doit avoir de bonnes métriques Web Vitals" classname="performance.spec.js" time="7.418">
<system-out>
<![CDATA[Web Vitals: { fcp: [33m3825[39m, lcp: [33m4743[39m, cls: [33m0.05[39m }
]]>
</system-out>
</testcase>
<testcase name="Tests de performance › doit comprimer les ressources statiques" classname="performance.spec.js" time="6.724">
<system-out>
<![CDATA[1 ressources compressées détectées
Compression détectée: gzip
]]>
</system-out>
</testcase>
</testsuite>
<testsuite name="cart.spec.js" timestamp="2025-09-11T14:13:10.203Z" hostname="webkit-desktop" tests="5" failures="0" skipped="0" time="36.919" errors="0">
<testcase name="Fonctionnalités du panier › doit ajouter un produit au panier" classname="cart.spec.js" time="10.137">
</testcase>
<testcase name="Fonctionnalités du panier › doit afficher la page panier" classname="cart.spec.js" time="3.493">
</testcase>
<testcase name="Fonctionnalités du panier › doit gérer les quantités" classname="cart.spec.js" time="5.356">
</testcase>
<testcase name="Fonctionnalités du panier › doit calculer le total correctement" classname="cart.spec.js" time="4.826">
</testcase>
<testcase name="Fonctionnalités du panier › doit permettre de supprimer un article" classname="cart.spec.js" time="13.107">
</testcase>
</testsuite>
<testsuite name="homepage.spec.js" timestamp="2025-09-11T14:13:10.203Z" hostname="webkit-desktop" tests="5" failures="0" skipped="0" time="19.063" errors="0">
<testcase name="Page d&apos;accueil TechViral › doit afficher le titre et la navigation" classname="homepage.spec.js" time="3.35">
</testcase>
<testcase name="Page d&apos;accueil TechViral › doit afficher les produits vedettes" classname="homepage.spec.js" time="3.333">
</testcase>
<testcase name="Page d&apos;accueil TechViral › doit permettre la recherche" classname="homepage.spec.js" time="5.189">
</testcase>
<testcase name="Page d&apos;accueil TechViral › doit gérer le thème sombre" classname="homepage.spec.js" time="3.547">
</testcase>
<testcase name="Page d&apos;accueil TechViral › doit être responsive" classname="homepage.spec.js" time="3.644">
</testcase>
</testsuite>
<testsuite name="performance.spec.js" timestamp="2025-09-11T14:13:10.203Z" hostname="webkit-desktop" tests="5" failures="0" skipped="0" time="14.913" errors="0">
<testcase name="Tests de performance › doit charger rapidement la page d&apos;accueil" classname="performance.spec.js" time="3.527">
<system-out>
<![CDATA[Temps de chargement: 1521ms
]]>
</system-out>
</testcase>
<testcase name="Tests de performance › doit charger les images avec lazy loading" classname="performance.spec.js" time="3.246">
</testcase>
<testcase name="Tests de performance › doit utiliser le service worker pour le cache" classname="performance.spec.js" time="2.566">
<system-out>
<![CDATA[Service Worker détecté et enregistré
]]>
</system-out>
</testcase>
<testcase name="Tests de performance › doit avoir de bonnes métriques Web Vitals" classname="performance.spec.js" time="2.635">
<system-out>
<![CDATA[Web Vitals: { fcp: [33m525[39m, lcp: [33m674[39m, cls: [33m0.05[39m }
]]>
</system-out>
</testcase>
<testcase name="Tests de performance › doit comprimer les ressources statiques" classname="performance.spec.js" time="2.939">
<system-out>
<![CDATA[2 ressources compressées détectées
Compression détectée: gzip, br
]]>
</system-out>
</testcase>
</testsuite>
<testsuite name="cart.spec.js" timestamp="2025-09-11T14:13:10.203Z" hostname="mobile-chrome" tests="5" failures="0" skipped="0" time="23.298" errors="0">
<testcase name="Fonctionnalités du panier › doit ajouter un produit au panier" classname="cart.spec.js" time="3.497">
</testcase>
<testcase name="Fonctionnalités du panier › doit afficher la page panier" classname="cart.spec.js" time="2.25">
</testcase>
<testcase name="Fonctionnalités du panier › doit gérer les quantités" classname="cart.spec.js" time="2.886">
</testcase>
<testcase name="Fonctionnalités du panier › doit calculer le total correctement" classname="cart.spec.js" time="3.684">
</testcase>
<testcase name="Fonctionnalités du panier › doit permettre de supprimer un article" classname="cart.spec.js" time="10.981">
</testcase>
</testsuite>
<testsuite name="homepage.spec.js" timestamp="2025-09-11T14:13:10.203Z" hostname="mobile-chrome" tests="5" failures="0" skipped="0" time="17.041" errors="0">
<testcase name="Page d&apos;accueil TechViral › doit afficher le titre et la navigation" classname="homepage.spec.js" time="3.219">
</testcase>
<testcase name="Page d&apos;accueil TechViral › doit afficher les produits vedettes" classname="homepage.spec.js" time="3.546">
</testcase>
<testcase name="Page d&apos;accueil TechViral › doit permettre la recherche" classname="homepage.spec.js" time="2.838">
</testcase>
<testcase name="Page d&apos;accueil TechViral › doit gérer le thème sombre" classname="homepage.spec.js" time="2.653">
</testcase>
<testcase name="Page d&apos;accueil TechViral › doit être responsive" classname="homepage.spec.js" time="4.785">
</testcase>
</testsuite>
<testsuite name="performance.spec.js" timestamp="2025-09-11T14:13:10.203Z" hostname="mobile-chrome" tests="5" failures="0" skipped="0" time="16.092" errors="0">
<testcase name="Tests de performance › doit charger rapidement la page d&apos;accueil" classname="performance.spec.js" time="4.17">
<system-out>
<![CDATA[Temps de chargement: 1226ms
]]>
</system-out>
</testcase>
<testcase name="Tests de performance › doit charger les images avec lazy loading" classname="performance.spec.js" time="2.639">
</testcase>
<testcase name="Tests de performance › doit utiliser le service worker pour le cache" classname="performance.spec.js" time="3.699">
<system-out>
<![CDATA[Service Worker détecté et enregistré
]]>
</system-out>
</testcase>
<testcase name="Tests de performance › doit avoir de bonnes métriques Web Vitals" classname="performance.spec.js" time="2.553">
<system-out>
<![CDATA[Web Vitals: { fcp: [33m504[39m, lcp: [33m642[39m, cls: [33m0.05[39m }
]]>
</system-out>
</testcase>
<testcase name="Tests de performance › doit comprimer les ressources statiques" classname="performance.spec.js" time="3.031">
<system-out>
<![CDATA[1 ressources compressées détectées
Compression détectée: gzip
]]>
</system-out>
</testcase>
</testsuite>
<testsuite name="cart.spec.js" timestamp="2025-09-11T14:13:10.203Z" hostname="mobile-safari" tests="5" failures="0" skipped="0" time="24.391" errors="0">
<testcase name="Fonctionnalités du panier › doit ajouter un produit au panier" classname="cart.spec.js" time="5.352">
</testcase>
<testcase name="Fonctionnalités du panier › doit afficher la page panier" classname="cart.spec.js" time="2.703">
</testcase>
<testcase name="Fonctionnalités du panier › doit gérer les quantités" classname="cart.spec.js" time="3.49">
</testcase>
<testcase name="Fonctionnalités du panier › doit calculer le total correctement" classname="cart.spec.js" time="3.597">
</testcase>
<testcase name="Fonctionnalités du panier › doit permettre de supprimer un article" classname="cart.spec.js" time="9.249">
</testcase>
</testsuite>
<testsuite name="homepage.spec.js" timestamp="2025-09-11T14:13:10.203Z" hostname="mobile-safari" tests="5" failures="0" skipped="0" time="12.776" errors="0">
<testcase name="Page d&apos;accueil TechViral › doit afficher le titre et la navigation" classname="homepage.spec.js" time="2.511">
</testcase>
<testcase name="Page d&apos;accueil TechViral › doit afficher les produits vedettes" classname="homepage.spec.js" time="2.333">
</testcase>
<testcase name="Page d&apos;accueil TechViral › doit permettre la recherche" classname="homepage.spec.js" time="2.423">
</testcase>
<testcase name="Page d&apos;accueil TechViral › doit gérer le thème sombre" classname="homepage.spec.js" time="2.323">
</testcase>
<testcase name="Page d&apos;accueil TechViral › doit être responsive" classname="homepage.spec.js" time="3.186">
</testcase>
</testsuite>
<testsuite name="performance.spec.js" timestamp="2025-09-11T14:13:10.203Z" hostname="mobile-safari" tests="5" failures="0" skipped="0" time="12.135" errors="0">
<testcase name="Tests de performance › doit charger rapidement la page d&apos;accueil" classname="performance.spec.js" time="2.434">
<system-out>
<![CDATA[Temps de chargement: 1212ms
]]>
</system-out>
</testcase>
<testcase name="Tests de performance › doit charger les images avec lazy loading" classname="performance.spec.js" time="2.559">
</testcase>
<testcase name="Tests de performance › doit utiliser le service worker pour le cache" classname="performance.spec.js" time="2.209">
<system-out>
<![CDATA[Service Worker détecté et enregistré
]]>
</system-out>
</testcase>
<testcase name="Tests de performance › doit avoir de bonnes métriques Web Vitals" classname="performance.spec.js" time="2.372">
<system-out>
<![CDATA[Web Vitals: { fcp: [33m592[39m, lcp: [33m853[39m, cls: [33m0.05[39m }
]]>
</system-out>
</testcase>
<testcase name="Tests de performance › doit comprimer les ressources statiques" classname="performance.spec.js" time="2.561">
<system-out>
<![CDATA[2 ressources compressées détectées
Compression détectée: gzip, br
]]>
</system-out>
</testcase>
</testsuite>
<testsuite name="cart.spec.js" timestamp="2025-09-11T14:13:10.203Z" hostname="tablet-ipad" tests="5" failures="0" skipped="0" time="17.177" errors="0">
<testcase name="Fonctionnalités du panier › doit ajouter un produit au panier" classname="cart.spec.js" time="2.727">
</testcase>
<testcase name="Fonctionnalités du panier › doit afficher la page panier" classname="cart.spec.js" time="2.248">
</testcase>
<testcase name="Fonctionnalités du panier › doit gérer les quantités" classname="cart.spec.js" time="3.107">
</testcase>
<testcase name="Fonctionnalités du panier › doit calculer le total correctement" classname="cart.spec.js" time="2.975">
</testcase>
<testcase name="Fonctionnalités du panier › doit permettre de supprimer un article" classname="cart.spec.js" time="6.12">
</testcase>
</testsuite>
<testsuite name="homepage.spec.js" timestamp="2025-09-11T14:13:10.203Z" hostname="tablet-ipad" tests="5" failures="0" skipped="0" time="12.845" errors="0">
<testcase name="Page d&apos;accueil TechViral › doit afficher le titre et la navigation" classname="homepage.spec.js" time="2.296">
</testcase>
<testcase name="Page d&apos;accueil TechViral › doit afficher les produits vedettes" classname="homepage.spec.js" time="2.747">
</testcase>
<testcase name="Page d&apos;accueil TechViral › doit permettre la recherche" classname="homepage.spec.js" time="3.634">
</testcase>
<testcase name="Page d&apos;accueil TechViral › doit gérer le thème sombre" classname="homepage.spec.js" time="1.525">
</testcase>
<testcase name="Page d&apos;accueil TechViral › doit être responsive" classname="homepage.spec.js" time="2.643">
</testcase>
</testsuite>
<testsuite name="performance.spec.js" timestamp="2025-09-11T14:13:10.203Z" hostname="tablet-ipad" tests="5" failures="0" skipped="0" time="11.803" errors="0">
<testcase name="Tests de performance › doit charger rapidement la page d&apos;accueil" classname="performance.spec.js" time="2.703">
<system-out>
<![CDATA[Temps de chargement: 1458ms
]]>
</system-out>
</testcase>
<testcase name="Tests de performance › doit charger les images avec lazy loading" classname="performance.spec.js" time="2.141">
</testcase>
<testcase name="Tests de performance › doit utiliser le service worker pour le cache" classname="performance.spec.js" time="2.805">
<system-out>
<![CDATA[Service Worker détecté et enregistré
]]>
</system-out>
</testcase>
<testcase name="Tests de performance › doit avoir de bonnes métriques Web Vitals" classname="performance.spec.js" time="1.659">
<system-out>
<![CDATA[Web Vitals: { fcp: [33m592[39m, lcp: [33m796.7999999970198[39m, cls: [33m0.05[39m }
]]>
</system-out>
</testcase>
<testcase name="Tests de performance › doit comprimer les ressources statiques" classname="performance.spec.js" time="2.495">
<system-out>
<![CDATA[1 ressources compressées détectées
Compression détectée: gzip
]]>
</system-out>
</testcase>
</testsuite>
</testsuites>